MD1-4/app/build/intermediates/manifest_merge_blame_file/debug/manifest-merger-blame-debug-report.txt
1<?xml version="1.0" encoding="utf-8"?>
2<manifest xmlns:android="http://schemas.android.com/apk/res/android"
3    package="ru.fa.fu_module1"
4    android:versionCode="1"
5    android:versionName="1.0" >
6
7    <uses-sdk
8        android:minSdkVersion="24"
8-->src\main\AndroidManifest.xml
9        android:targetSdkVersion="30" />
9-->src\main\AndroidManifest.xml
10
11    <application
11-->src\main\AndroidManifest.xml:5:5-48:19
12        android:allowBackup="true"
12-->src\main\AndroidManifest.xml:6:9-35
13        android:appComponentFactory="androidx.core.app.CoreComponentFactory"
13-->[androidx.core:core:1.3.1] AndroidManifest.xml:24:18-86
14        android:debuggable="true"
15        android:extractNativeLibs="false"
16        android:icon="@mipmap/ic_launcher"
16-->src\main\AndroidManifest.xml:7:9-43
17        android:label="@string/app_name"
17-->src\main\AndroidManifest.xml:8:9-41
18        android:roundIcon="@mipmap/ic_launcher_round"
18-->src\main\AndroidManifest.xml:9:9-54
19        android:supportsRtl="true"
19-->src\main\AndroidManifest.xml:10:9-35
20        android:testOnly="true"
21        android:theme="@style/Theme.FU_module1" >
21-->src\main\AndroidManifest.xml:11:9-48
22        <activity android:name="ru.fa.fu_module1.ActivityWithHorisontal" />
22-->src\main\AndroidManifest.xml:12:9-69
22-->src\main\AndroidManifest.xml:12:19-57
23        <activity android:name="ru.fa.fu_module1.MainActivity" >
23-->src\main\AndroidManifest.xml:13:9-19:20
23-->src\main\AndroidManifest.xml:13:19-47
24            <intent-filter>
24-->src\main\AndroidManifest.xml:14:13-18:29
25                <action android:name="android.intent.action.MAIN" />
25-->src\main\AndroidManifest.xml:15:17-69
25-->src\main\AndroidManifest.xml:15:25-66
26
27                <category android:name="android.intent.category.LAUNCHER" />
27-->src\main\AndroidManifest.xml:17:17-77
27-->src\main\AndroidManifest.xml:17:27-74
28            </intent-filter>
29        </activity>
30        <activity android:name="ru.fa.fu_module1.FrameActivity" >
30-->src\main\AndroidManifest.xml:20:9-26:20
30-->src\main\AndroidManifest.xml:20:19-48
31            <intent-filter>
31-->src\main\AndroidManifest.xml:14:13-18:29
32                <action android:name="android.intent.action.MAIN" />
32-->src\main\AndroidManifest.xml:15:17-69
32-->src\main\AndroidManifest.xml:15:25-66
33
34                <category android:name="android.intent.category.LAUNCHER" />
34-->src\main\AndroidManifest.xml:17:17-77
34-->src\main\AndroidManifest.xml:17:27-74
35            </intent-filter>
36        </activity>
37        <activity android:name="ru.fa.fu_module1.LinearActivity2" >
37-->src\main\AndroidManifest.xml:27:9-33:20
37-->src\main\AndroidManifest.xml:27:19-50
38            <intent-filter>
38-->src\main\AndroidManifest.xml:14:13-18:29
39                <action android:name="android.intent.action.MAIN" />
39-->src\main\AndroidManifest.xml:15:17-69
39-->src\main\AndroidManifest.xml:15:25-66
40
41                <category android:name="android.intent.category.LAUNCHER" />
41-->src\main\AndroidManifest.xml:17:17-77
41-->src\main\AndroidManifest.xml:17:27-74
42            </intent-filter>
43        </activity>
44        <activity android:name="ru.fa.fu_module1.RelativeActivity" >
44-->src\main\AndroidManifest.xml:34:9-40:20
44-->src\main\AndroidManifest.xml:34:19-51
45            <intent-filter>
45-->src\main\AndroidManifest.xml:14:13-18:29
46                <action android:name="android.intent.action.MAIN" />
46-->src\main\AndroidManifest.xml:15:17-69
46-->src\main\AndroidManifest.xml:15:25-66
47
48                <category android:name="android.intent.category.LAUNCHER" />
48-->src\main\AndroidManifest.xml:17:17-77
48-->src\main\AndroidManifest.xml:17:27-74
49            </intent-filter>
50        </activity>
51        <activity android:name="ru.fa.fu_module1.TableActivity" >
51-->src\main\AndroidManifest.xml:41:9-47:20
51-->src\main\AndroidManifest.xml:41:19-48
52            <intent-filter>
52-->src\main\AndroidManifest.xml:14:13-18:29
53                <action android:name="android.intent.action.MAIN" />
53-->src\main\AndroidManifest.xml:15:17-69
53-->src\main\AndroidManifest.xml:15:25-66
54
55                <category android:name="android.intent.category.LAUNCHER" />
55-->src\main\AndroidManifest.xml:17:17-77
55-->src\main\AndroidManifest.xml:17:27-74
56            </intent-filter>
57        </activity>
58    </application>
59
60</manifest>